build/intermediates/manifest_merge_blame_file/debug/manifest-merger-blame-debug-report.txt
1<?xml version="1.0" encoding="utf-8"?>
2<manifest xmlns:android="http://schemas.android.com/apk/res/android"
3    package="com.proyectofinal.applicant2"
4    android:versionCode="1"
5    android:versionName="1.0" >
6
7    <uses-sdk
8        android:minSdkVersion="26"
8-->src\main\AndroidManifest.xml
9        android:targetSdkVersion="29" />
9-->src\main\AndroidManifest.xml
10
11    <!-- Although the *SdkVersion is captured in gradle build files, this is required for non gradle builds -->
12    <!-- <uses-sdk android:minSdkVersion="14" /> -->
13    <uses-permission android:name="android.permission.ACCESS_NETWORK_STATE" />
13-->[com.google.firebase:firebase-firestore:21.4.3] AndroidManifest.xml:13:5-79
13-->[com.google.firebase:firebase-firestore:21.4.3] AndroidManifest.xml:13:22-76
14    <uses-permission android:name="android.permission.INTERNET" />
14-->[com.google.firebase:firebase-firestore:21.4.3] AndroidManifest.xml:14:5-67
14-->[com.google.firebase:firebase-firestore:21.4.3] AndroidManifest.xml:14:22-64
15    <uses-permission android:name="android.permission.WAKE_LOCK" />
15-->[com.google.android.gms:play-services-measurement:17.4.3] AndroidManifest.xml:25:5-68
15-->[com.google.android.gms:play-services-measurement:17.4.3] AndroidManifest.xml:25:22-65
16    <uses-permission android:name="com.google.android.finsky.permission.BIND_GET_INSTALL_REFERRER_SERVICE" /> <!-- Required by older versions of Google Play services to create IID tokens -->
16-->[com.google.android.gms:play-services-measurement:17.4.3] AndroidManifest.xml:26:5-110
16-->[com.google.android.gms:play-services-measurement:17.4.3] AndroidManifest.xml:26:22-107
17    <uses-permission android:name="com.google.android.c2dm.permission.RECEIVE" />
17-->[com.google.firebase:firebase-iid:20.1.5] AndroidManifest.xml:26:5-82
17-->[com.google.firebase:firebase-iid:20.1.5] AndroidManifest.xml:26:22-79
18
19    <application
19-->src\main\AndroidManifest.xml:5:5-30:19
20        android:allowBackup="true"
20-->src\main\AndroidManifest.xml:6:9-35
21        android:appComponentFactory="androidx.core.app.CoreComponentFactory"
21-->[androidx.core:core:1.1.0] AndroidManifest.xml:24:18-86
22        android:debuggable="true"
23        android:extractNativeLibs="false"
24        android:icon="@mipmap/ic_launcher"
24-->src\main\AndroidManifest.xml:7:9-43
25        android:label="@string/app_name"
25-->src\main\AndroidManifest.xml:8:9-41
26        android:roundIcon="@mipmap/ic_launcher_round"
26-->src\main\AndroidManifest.xml:9:9-54
27        android:supportsRtl="true"
27-->src\main\AndroidManifest.xml:10:9-35
28        android:testOnly="true"
29        android:theme="@style/AppTheme" >
29-->src\main\AndroidManifest.xml:11:9-40
30        <activity android:name="com.proyectofinal.applicant2.ingreso_empleador" />
30-->src\main\AndroidManifest.xml:12:9-64
30-->src\main\AndroidManifest.xml:12:19-52
31        <activity android:name="com.proyectofinal.applicant2.login_inicio" />
31-->src\main\AndroidManifest.xml:13:9-50
31-->src\main\AndroidManifest.xml:13:19-47
32        <activity
32-->src\main\AndroidManifest.xml:14:9-22:20
33            android:name="com.proyectofinal.applicant2.splash_applicant"
33-->src\main\AndroidManifest.xml:15:13-45
34            android:theme="@android:style/Theme.Holo.Light.NoActionBar.Fullscreen" >
34-->src\main\AndroidManifest.xml:16:13-83
35            <intent-filter>
35-->src\main\AndroidManifest.xml:17:13-21:29
36                <action android:name="android.intent.action.MAIN" />
36-->src\main\AndroidManifest.xml:18:17-69
36-->src\main\AndroidManifest.xml:18:25-66
37
38                <category android:name="android.intent.category.LAUNCHER" />
38-->src\main\AndroidManifest.xml:20:17-77
38-->src\main\AndroidManifest.xml:20:27-74
39            </intent-filter>
40        </activity>
41        <activity android:name="com.proyectofinal.applicant2.ingreso_postulante" />
41-->src\main\AndroidManifest.xml:23:9-56
41-->src\main\AndroidManifest.xml:23:19-53
42        <activity android:name="com.proyectofinal.applicant2.solicitud" />
42-->src\main\AndroidManifest.xml:24:9-47
42-->src\main\AndroidManifest.xml:24:19-44
43        <activity android:name="com.proyectofinal.applicant2.login_modo" />
43-->src\main\AndroidManifest.xml:25:9-48
43-->src\main\AndroidManifest.xml:25:19-45
44        <activity
44-->src\main\AndroidManifest.xml:26:9-29:59
45            android:name="com.proyectofinal.applicant2.MainActivity"
45-->src\main\AndroidManifest.xml:27:13-41
46            android:label="@string/app_name"
46-->src\main\AndroidManifest.xml:28:13-45
47            android:theme="@style/AppTheme.NoActionBar" />
47-->src\main\AndroidManifest.xml:29:13-56
48        <activity
48-->[com.google.android.gms:play-services-auth:18.0.0] AndroidManifest.xml:23:9-27:75
49            android:name="com.google.android.gms.auth.api.signin.internal.SignInHubActivity"
49-->[com.google.android.gms:play-services-auth:18.0.0] AndroidManifest.xml:24:13-93
50            android:excludeFromRecents="true"
50-->[com.google.android.gms:play-services-auth:18.0.0] AndroidManifest.xml:25:13-46
51            android:exported="false"
51-->[com.google.android.gms:play-services-auth:18.0.0] AndroidManifest.xml:26:13-37
52            android:theme="@android:style/Theme.Translucent.NoTitleBar" />
52-->[com.google.android.gms:play-services-auth:18.0.0] AndroidManifest.xml:27:13-72
53        <!--
54            Service handling Google Sign-In user revocation. For apps that do not integrate with
55            Google Sign-In, this service will never be started.
56        -->
57        <service
57-->[com.google.android.gms:play-services-auth:18.0.0] AndroidManifest.xml:33:9-36:110
58            android:name="com.google.android.gms.auth.api.signin.RevocationBoundService"
58-->[com.google.android.gms:play-services-auth:18.0.0] AndroidManifest.xml:34:13-89
59            android:exported="true"
59-->[com.google.android.gms:play-services-auth:18.0.0] AndroidManifest.xml:35:13-36
60            android:permission="com.google.android.gms.auth.api.signin.permission.REVOCATION_NOTIFICATION" />
60-->[com.google.android.gms:play-services-auth:18.0.0] AndroidManifest.xml:36:13-107
61        <service
61-->[com.google.firebase:firebase-firestore:21.4.3] AndroidManifest.xml:17:9-23:19
62            android:name="com.google.firebase.components.ComponentDiscoveryService"
62-->[com.google.firebase:firebase-firestore:21.4.3] AndroidManifest.xml:18:13-84
63            android:directBootAware="true"
63-->[com.google.firebase:firebase-common:19.3.0] AndroidManifest.xml:34:13-43
64            android:exported="false" >
64-->[com.google.firebase:firebase-firestore:21.4.3] AndroidManifest.xml:19:13-37
65            <meta-data
65-->[com.google.firebase:firebase-firestore:21.4.3] AndroidManifest.xml:20:13-22:85
66                android:name="com.google.firebase.components:com.google.firebase.firestore.FirestoreRegistrar"
66-->[com.google.firebase:firebase-firestore:21.4.3] AndroidManifest.xml:21:17-111
67                android:value="com.google.firebase.components.ComponentRegistrar" />
67-->[com.google.firebase:firebase-firestore:21.4.3] AndroidManifest.xml:22:17-82
68            <meta-data
68-->[com.google.android.gms:play-services-measurement-api:17.4.3] AndroidManifest.xml:30:13-32:85
69                android:name="com.google.firebase.components:com.google.firebase.analytics.connector.internal.AnalyticsConnectorRegistrar"
69-->[com.google.android.gms:play-services-measurement-api:17.4.3] AndroidManifest.xml:31:17-139
70                android:value="com.google.firebase.components.ComponentRegistrar" />
70-->[com.google.android.gms:play-services-measurement-api:17.4.3] AndroidManifest.xml:32:17-82
71            <meta-data
71-->[com.google.firebase:firebase-iid:20.1.5] AndroidManifest.xml:32:13-34:85
72                android:name="com.google.firebase.components:com.google.firebase.iid.Registrar"
72-->[com.google.firebase:firebase-iid:20.1.5] AndroidManifest.xml:33:17-96
73                android:value="com.google.firebase.components.ComponentRegistrar" />
73-->[com.google.firebase:firebase-iid:20.1.5] AndroidManifest.xml:34:17-82
74            <meta-data
74-->[com.google.firebase:firebase-installations:16.2.1] AndroidManifest.xml:17:13-19:85
75                android:name="com.google.firebase.components:com.google.firebase.installations.FirebaseInstallationsRegistrar"
75-->[com.google.firebase:firebase-installations:16.2.1] AndroidManifest.xml:18:17-127
76                android:value="com.google.firebase.components.ComponentRegistrar" />
76-->[com.google.firebase:firebase-installations:16.2.1] AndroidManifest.xml:19:17-82
77        </service>
78
79        <receiver
79-->[com.google.android.gms:play-services-measurement:17.4.3] AndroidManifest.xml:29:9-33:20
80            android:name="com.google.android.gms.measurement.AppMeasurementReceiver"
80-->[com.google.android.gms:play-services-measurement:17.4.3] AndroidManifest.xml:30:13-85
81            android:enabled="true"
81-->[com.google.android.gms:play-services-measurement:17.4.3] AndroidManifest.xml:31:13-35
82            android:exported="false" >
82-->[com.google.android.gms:play-services-measurement:17.4.3] AndroidManifest.xml:32:13-37
83        </receiver>
84
85        <service
85-->[com.google.android.gms:play-services-measurement:17.4.3] AndroidManifest.xml:35:9-38:40
86            android:name="com.google.android.gms.measurement.AppMeasurementService"
86-->[com.google.android.gms:play-services-measurement:17.4.3] AndroidManifest.xml:36:13-84
87            android:enabled="true"
87-->[com.google.android.gms:play-services-measurement:17.4.3] AndroidManifest.xml:37:13-35
88            android:exported="false" />
88-->[com.google.android.gms:play-services-measurement:17.4.3] AndroidManifest.xml:38:13-37
89        <service
89-->[com.google.android.gms:play-services-measurement:17.4.3] AndroidManifest.xml:39:9-43:72
90            android:name="com.google.android.gms.measurement.AppMeasurementJobService"
90-->[com.google.android.gms:play-services-measurement:17.4.3] AndroidManifest.xml:40:13-87
91            android:enabled="true"
91-->[com.google.android.gms:play-services-measurement:17.4.3] AndroidManifest.xml:41:13-35
92            android:exported="false"
92-->[com.google.android.gms:play-services-measurement:17.4.3] AndroidManifest.xml:42:13-37
93            android:permission="android.permission.BIND_JOB_SERVICE" />
93-->[com.google.android.gms:play-services-measurement:17.4.3] AndroidManifest.xml:43:13-69
94
95        <receiver
95-->[com.google.firebase:firebase-iid:20.1.5] AndroidManifest.xml:37:9-44:20
96            android:name="com.google.firebase.iid.FirebaseInstanceIdReceiver"
96-->[com.google.firebase:firebase-iid:20.1.5] AndroidManifest.xml:38:13-78
97            android:exported="true"
97-->[com.google.firebase:firebase-iid:20.1.5] AndroidManifest.xml:39:13-36
98            android:permission="com.google.android.c2dm.permission.SEND" >
98-->[com.google.firebase:firebase-iid:20.1.5] AndroidManifest.xml:40:13-73
99            <intent-filter>
99-->[com.google.firebase:firebase-iid:20.1.5] AndroidManifest.xml:41:13-43:29
100                <action android:name="com.google.android.c2dm.intent.RECEIVE" />
100-->[com.google.firebase:firebase-iid:20.1.5] AndroidManifest.xml:42:17-81
100-->[com.google.firebase:firebase-iid:20.1.5] AndroidManifest.xml:42:25-78
101            </intent-filter>
102        </receiver>
103
104        <activity
104-->[com.google.android.gms:play-services-base:17.1.0] AndroidManifest.xml:23:9-26:75
105            android:name="com.google.android.gms.common.api.GoogleApiActivity"
105-->[com.google.android.gms:play-services-base:17.1.0] AndroidManifest.xml:24:13-79
106            android:exported="false"
106-->[com.google.android.gms:play-services-base:17.1.0] AndroidManifest.xml:25:13-37
107            android:theme="@android:style/Theme.Translucent.NoTitleBar" />
107-->[com.google.android.gms:play-services-base:17.1.0] AndroidManifest.xml:26:13-72
108
109        <provider
109-->[com.google.firebase:firebase-common:19.3.0] AndroidManifest.xml:26:9-30:39
110            android:name="com.google.firebase.provider.FirebaseInitProvider"
110-->[com.google.firebase:firebase-common:19.3.0] AndroidManifest.xml:27:13-77
111            android:authorities="com.proyectofinal.applicant2.firebaseinitprovider"
111-->[com.google.firebase:firebase-common:19.3.0] AndroidManifest.xml:28:13-72
112            android:exported="false"
112-->[com.google.firebase:firebase-common:19.3.0] AndroidManifest.xml:29:13-37
113            android:initOrder="100" />
113-->[com.google.firebase:firebase-common:19.3.0] AndroidManifest.xml:30:13-36
114
115        <meta-data
115-->[com.google.android.gms:play-services-basement:17.1.1] AndroidManifest.xml:23:9-25:69
116            android:name="com.google.android.gms.version"
116-->[com.google.android.gms:play-services-basement:17.1.1] AndroidManifest.xml:24:13-58
117            android:value="@integer/google_play_services_version" />
117-->[com.google.android.gms:play-services-basement:17.1.1] AndroidManifest.xml:25:13-66
118
119        <provider
119-->[androidx.lifecycle:lifecycle-process:2.2.0] AndroidManifest.xml:25:9-29:43
120            android:name="androidx.lifecycle.ProcessLifecycleOwnerInitializer"
120-->[androidx.lifecycle:lifecycle-process:2.2.0] AndroidManifest.xml:26:13-79
121            android:authorities="com.proyectofinal.applicant2.lifecycle-process"
121-->[androidx.lifecycle:lifecycle-process:2.2.0] AndroidManifest.xml:27:13-69
122            android:exported="false"
122-->[androidx.lifecycle:lifecycle-process:2.2.0] AndroidManifest.xml:28:13-37
123            android:multiprocess="true" />
123-->[androidx.lifecycle:lifecycle-process:2.2.0] AndroidManifest.xml:29:13-40
124    </application>
125
126</manifest>